[   55746ms] [ERROR] NotFoundError: Failed to execute 'removeChild' on 'Node': The node to be removed is not a child of this node.
    at Nc (https://serene-frangipane-7fd25b.netlify.app/assets/index-BKEDqiCY.js:40:26221)
    at Zt (https://serene-frangipane-7fd25b.netlify.app/assets/index-BKEDqiCY.js:40:25908)
    at Nc (https://serene-frangipane-7fd25b.netlify.app/assets/index-BKEDqiCY.js:40:26669)
    at wt (https://serene-frangipane-7fd25b.netlify.app/assets/index-BKEDqiCY.js:40:27523)
    at jc (https://serene-frangipane-7fd25b.netlify.app/assets/index-BKEDqiCY.js:40:30723)
    at wt (https://serene-frangipane-7fd25b.netlify.app/assets/index-BKEDqiCY.js:40:27673)
    at jc (https://serene-frangipane-7fd25b.netlify.app/assets/index-BKEDqiCY.js:40:27983)
    at wt (https://serene-frangipane-7fd25b.netlify.app/assets/index-BKEDqiCY.js:40:27673)
    at jc (https://serene-frangipane-7fd25b.netlify.app/assets/index-BKEDqiCY.js:40:27786)
    at wt (https://serene-frangipane-7fd25b.netlify.app/assets/index-BKEDqiCY.js:40:27673) @ https://serene-frangipane-7fd25b.netlify.app/assets/index-BKEDqiCY.js:39
[   55747ms] [ERROR] NotFoundError: Failed to execute 'removeChild' on 'Node': The node to be removed is not a child of this node.
    at Nc (https://serene-frangipane-7fd25b.netlify.app/assets/index-BKEDqiCY.js:40:26221)
    at Zt (https://serene-frangipane-7fd25b.netlify.app/assets/index-BKEDqiCY.js:40:25908)
    at Nc (https://serene-frangipane-7fd25b.netlify.app/assets/index-BKEDqiCY.js:40:26669)
    at wt (https://serene-frangipane-7fd25b.netlify.app/assets/index-BKEDqiCY.js:40:27523)
    at jc (https://serene-frangipane-7fd25b.netlify.app/assets/index-BKEDqiCY.js:40:30723)
    at wt (https://serene-frangipane-7fd25b.netlify.app/assets/index-BKEDqiCY.js:40:27673)
    at jc (https://serene-frangipane-7fd25b.netlify.app/assets/index-BKEDqiCY.js:40:27983)
    at wt (https://serene-frangipane-7fd25b.netlify.app/assets/index-BKEDqiCY.js:40:27673)
    at jc (https://serene-frangipane-7fd25b.netlify.app/assets/index-BKEDqiCY.js:40:27786)
    at wt (https://serene-frangipane-7fd25b.netlify.app/assets/index-BKEDqiCY.js:40:27673) @ https://serene-frangipane-7fd25b.netlify.app/assets/index-BKEDqiCY.js:39
[   55747ms] [ERROR] NotFoundError: Failed to execute 'removeChild' on 'Node': The node to be removed is not a child of this node.
    at Nc (https://serene-frangipane-7fd25b.netlify.app/assets/index-BKEDqiCY.js:40:26221)
    at Zt (https://serene-frangipane-7fd25b.netlify.app/assets/index-BKEDqiCY.js:40:25908)
    at Nc (https://serene-frangipane-7fd25b.netlify.app/assets/index-BKEDqiCY.js:40:26669)
    at wt (https://serene-frangipane-7fd25b.netlify.app/assets/index-BKEDqiCY.js:40:27523)
    at jc (https://serene-frangipane-7fd25b.netlify.app/assets/index-BKEDqiCY.js:40:30723)
    at wt (https://serene-frangipane-7fd25b.netlify.app/assets/index-BKEDqiCY.js:40:27673)
    at jc (https://serene-frangipane-7fd25b.netlify.app/assets/index-BKEDqiCY.js:40:27983)
    at wt (https://serene-frangipane-7fd25b.netlify.app/assets/index-BKEDqiCY.js:40:27673)
    at jc (https://serene-frangipane-7fd25b.netlify.app/assets/index-BKEDqiCY.js:40:27786)
    at wt (https://serene-frangipane-7fd25b.netlify.app/assets/index-BKEDqiCY.js:40:27673) @ https://serene-frangipane-7fd25b.netlify.app/assets/index-BKEDqiCY.js:39
[   55748ms] [ERROR] NotFoundError: Failed to execute 'removeChild' on 'Node': The node to be removed is not a child of this node.
    at Nc (https://serene-frangipane-7fd25b.netlify.app/assets/index-BKEDqiCY.js:40:26221)
    at Zt (https://serene-frangipane-7fd25b.netlify.app/assets/index-BKEDqiCY.js:40:25908)
    at Nc (https://serene-frangipane-7fd25b.netlify.app/assets/index-BKEDqiCY.js:40:26669)
    at wt (https://serene-frangipane-7fd25b.netlify.app/assets/index-BKEDqiCY.js:40:27523)
    at jc (https://serene-frangipane-7fd25b.netlify.app/assets/index-BKEDqiCY.js:40:30723)
    at wt (https://serene-frangipane-7fd25b.netlify.app/assets/index-BKEDqiCY.js:40:27673)
    at jc (https://serene-frangipane-7fd25b.netlify.app/assets/index-BKEDqiCY.js:40:27983)
    at wt (https://serene-frangipane-7fd25b.netlify.app/assets/index-BKEDqiCY.js:40:27673)
    at jc (https://serene-frangipane-7fd25b.netlify.app/assets/index-BKEDqiCY.js:40:27786)
    at wt (https://serene-frangipane-7fd25b.netlify.app/assets/index-BKEDqiCY.js:40:27673) @ https://serene-frangipane-7fd25b.netlify.app/assets/index-BKEDqiCY.js:39
[   55748ms] [ERROR] NotFoundError: Failed to execute 'removeChild' on 'Node': The node to be removed is not a child of this node.
    at Nc (https://serene-frangipane-7fd25b.netlify.app/assets/index-BKEDqiCY.js:40:26221)
    at Zt (https://serene-frangipane-7fd25b.netlify.app/assets/index-BKEDqiCY.js:40:25908)
    at Nc (https://serene-frangipane-7fd25b.netlify.app/assets/index-BKEDqiCY.js:40:26669)
    at wt (https://serene-frangipane-7fd25b.netlify.app/assets/index-BKEDqiCY.js:40:27523)
    at jc (https://serene-frangipane-7fd25b.netlify.app/assets/index-BKEDqiCY.js:40:30723)
    at wt (https://serene-frangipane-7fd25b.netlify.app/assets/index-BKEDqiCY.js:40:27673)
    at jc (https://serene-frangipane-7fd25b.netlify.app/assets/index-BKEDqiCY.js:40:27983)
    at wt (https://serene-frangipane-7fd25b.netlify.app/assets/index-BKEDqiCY.js:40:27673)
    at jc (https://serene-frangipane-7fd25b.netlify.app/assets/index-BKEDqiCY.js:40:27786)
    at wt (https://serene-frangipane-7fd25b.netlify.app/assets/index-BKEDqiCY.js:40:27673) @ https://serene-frangipane-7fd25b.netlify.app/assets/index-BKEDqiCY.js:39
[   55749ms] NotFoundError: Failed to execute 'removeChild' on 'Node': The node to be removed is not a child of this node.
    at Nc (https://serene-frangipane-7fd25b.netlify.app/assets/index-BKEDqiCY.js:40:26221)
    at Zt (https://serene-frangipane-7fd25b.netlify.app/assets/index-BKEDqiCY.js:40:25908)
    at Nc (https://serene-frangipane-7fd25b.netlify.app/assets/index-BKEDqiCY.js:40:26669)
    at wt (https://serene-frangipane-7fd25b.netlify.app/assets/index-BKEDqiCY.js:40:27523)
    at jc (https://serene-frangipane-7fd25b.netlify.app/assets/index-BKEDqiCY.js:40:30723)
    at wt (https://serene-frangipane-7fd25b.netlify.app/assets/index-BKEDqiCY.js:40:27673)
    at jc (https://serene-frangipane-7fd25b.netlify.app/assets/index-BKEDqiCY.js:40:27983)
    at wt (https://serene-frangipane-7fd25b.netlify.app/assets/index-BKEDqiCY.js:40:27673)
    at jc (https://serene-frangipane-7fd25b.netlify.app/assets/index-BKEDqiCY.js:40:27786)
    at wt (https://serene-frangipane-7fd25b.netlify.app/assets/index-BKEDqiCY.js:40:27673)
